<?xml version="1.0" encoding="UTF-8"?>
<!-- Generated by org.testng.reporters.JUnitReportReporter -->
<testsuite hostname="JIYANSH" failures="0" tests="1" name="testlayer.AddaddressTest" time="22.340" errors="0" timestamp="2023-09-02T15:58:10 CST" skipped="0">
  <testcase classname="testlayer.AddaddressTest" name="typeadd" time="22.340"/>
  <system-out/>
</testsuite> <!-- testlayer.AddaddressTest -->
