<?xml version="1.0" encoding="UTF-8"?>
<!-- Generated by org.testng.reporters.JUnitReportReporter -->
<testsuite hostname="JIYANSH" failures="0" tests="1" name="testlayer.YouraccountTest" time="15.632" errors="0" timestamp="2023-08-31T07:41:15 CST" skipped="0">
  <testcase classname="testlayer.YouraccountTest" name="Title" time="15.632"/>
  <system-out/>
</testsuite> <!-- testlayer.YouraccountTest -->
