<?xml version="1.0" encoding="UTF-8"?>
<!-- Generated by org.testng.reporters.JUnitReportReporter -->
<testsuite hostname="JIYANSH" failures="0" tests="1" name="testlayer.Searchtest" time="28.498" errors="0" timestamp="2023-09-02T15:17:52 CST" skipped="0">
  <testcase classname="testlayer.Searchtest" name="filteration" time="28.498"/>
  <system-out/>
</testsuite> <!-- testlayer.Searchtest -->
